[2020-06-16 21:02:41] START
[2020-06-16 21:03:12] CREATE elements.py: 0
[2020-06-16 21:03:31] DELETE LDS/models/elements.py: 0
[2020-06-16 21:28:46] CREATE request.html: 0
[2020-06-16 21:28:53] CREATE display.html: 0
[2020-06-16 21:42:31] CREATE default/request.html.py: 0
[2020-06-16 21:42:38] CREATE default/display.html.py: 0
[2020-06-17 02:44:57] DELETE LDS/views/request.html: -3
[2020-06-17 02:45:03] DELETE LDS/views/display.html: -3
[2020-06-18 23:49:14] CREATE default/request.html.py: 0
[2020-06-18 23:49:26] CREATE default/request.html: 0
[2020-06-18 23:49:39] CREATE default/display.html: 0
[2020-06-19 00:00:36] EDIT LDS/views/default/display.html: 3
[2020-06-19 00:00:38] EDIT LDS/controllers/default.py: 4
[2020-06-19 00:00:40] EDIT LDS/views/default/request.html: 4
[2020-06-19 00:00:42] EDIT LDS/views/default/index.html: 0
[2020-06-19 00:01:18] EDIT LDS/views/default/request.html: 0
[2020-06-19 00:03:22] EDIT LDS/views/default/index.html: 0
[2020-06-19 00:04:05] EDIT LDS/views/default/request.html: -1
[2020-06-19 00:04:33] EDIT LDS/controllers/default.py: 0
[2020-06-19 00:06:10] EDIT LDS/controllers/default.py: 0
[2020-06-19 00:06:12] EDIT LDS/controllers/default.py: 0
[2020-06-19 00:07:14] DELETE LDS/models/default/display.html.py: 0
[2020-06-19 00:07:18] DELETE LDS/models/default/request.html.py: 0
[2020-06-19 00:07:28] DELETE LDS/modules/default/request.html.py: -1
[2020-06-19 00:13:47] CREATE default/first.html: 0
[2020-06-19 00:13:51] CREATE default/second.html: 0
[2020-06-19 00:14:10] EDIT LDS/views/default/second.html: 3
[2020-06-19 00:14:12] EDIT LDS/views/default/first.html: 4
[2020-06-19 00:14:20] EDIT LDS/controllers/default.py: 0
[2020-06-19 00:15:18] DELETE LDS/views/default/first.html: -7
[2020-06-19 00:15:23] DELETE LDS/views/default/second.html: -6
[2020-06-19 00:15:42] EDIT LDS/views/default/request.html: 0
[2020-06-19 00:16:01] EDIT LDS/controllers/default.py: 0
[2020-06-19 00:26:10] EDIT LDS/controllers/default.py: 354
[2020-06-19 00:26:40] EDIT LDS/views/default/display.html: 1
[2020-06-19 00:31:36] CREATE case.py: 0
[2020-06-19 00:43:35] CREATE elements.py: 0
[2020-06-19 00:43:51] EDIT LDS/modules/elements.py: 162
[2020-06-19 00:44:01] EDIT LDS/modules/case.py: 189
[2020-06-19 00:47:12] EDIT LDS/controllers/default.py: -346
[2020-06-19 00:47:57] EDIT LDS/controllers/default.py: -3
[2020-06-19 00:48:38] EDIT LDS/controllers/default.py: -1
[2020-06-19 00:51:36] EDIT LDS/views/default/request.html: 0
[2020-06-19 00:52:07] EDIT LDS/controllers/default.py: 0
[2020-06-19 00:53:44] EDIT LDS/modules/case.py: 1
[2020-06-19 00:53:56] EDIT LDS/modules/case.py: 0
[2020-06-19 00:55:02] EDIT LDS/modules/elements.py: 1
[2020-06-19 00:55:32] EDIT LDS/controllers/default.py: 2
[2020-06-19 00:57:50] EDIT LDS/controllers/default.py: 0
[2020-06-19 00:58:14] CREATE default/first.html: 0
[2020-06-19 00:58:50] CREATE default/second.html: 0
[2020-06-19 00:59:08] EDIT LDS/views/default/second.html: 4
[2020-06-19 00:59:26] EDIT LDS/views/default/first.html: 3
[2020-06-19 01:01:30] EDIT LDS/modules/elements.py: 0
[2020-06-19 01:01:32] EDIT LDS/modules/case.py: 0
[2020-06-19 01:01:54] EDIT LDS/controllers/default.py: 0
[2020-06-19 01:05:02] EDIT LDS/controllers/default.py: 0
[2020-06-19 01:06:19] EDIT LDS/controllers/default.py: 1
[2020-06-19 01:06:20] EDIT LDS/views/default/first.html: 0
[2020-06-19 01:07:04] EDIT LDS/controllers/default.py: 0
[2020-06-19 01:07:43] EDIT LDS/controllers/default.py: 2
[2020-06-19 01:09:11] EDIT LDS/modules/case.py: 0
[2020-06-19 01:10:13] EDIT LDS/modules/case.py: 162
[2020-06-19 01:12:00] EDIT LDS/modules/case.py: 0
[2020-06-19 01:13:46] EDIT LDS/views/default/second.html: 0
[2020-06-19 01:14:12] EDIT LDS/controllers/default.py: 0
[2020-06-19 01:14:44] EDIT LDS/controllers/default.py: 0
[2020-06-19 01:14:48] EDIT LDS/views/default/first.html: 0
[2020-06-19 01:15:00] EDIT LDS/views/default/second.html: 0
[2020-06-19 01:15:28] EDIT LDS/controllers/default.py: 0
[2020-06-19 01:16:05] EDIT LDS/views/default/second.html: -1
[2020-06-19 01:16:38] EDIT LDS/controllers/default.py: 6
[2020-06-19 01:16:47] EDIT LDS/controllers/default.py: 1
[2020-06-19 01:17:35] EDIT LDS/controllers/default.py: -7
[2020-06-19 01:17:50] EDIT LDS/controllers/default.py: 0
[2020-06-19 01:27:16] EDIT LDS/views/default/second.html: 0
[2020-06-19 01:27:18] EDIT LDS/views/default/first.html: 0
[2020-06-19 01:27:21] EDIT LDS/controllers/default.py: 0
[2020-06-19 01:27:27] EDIT LDS/views/default/first.html: 0
[2020-06-19 01:27:44] EDIT LDS/views/default/second.html: 0
[2020-06-19 01:29:04] EDIT LDS/views/default/first.html: 0
[2020-06-19 01:29:47] EDIT LDS/views/default/first.html: 3
[2020-06-19 01:30:00] EDIT LDS/views/default/second.html: 0
[2020-06-19 01:30:35] EDIT LDS/controllers/default.py: 0
[2020-06-19 01:31:05] EDIT LDS/controllers/default.py: 0
[2020-06-19 01:31:54] EDIT LDS/controllers/default.py: 0
[2020-06-19 01:32:14] EDIT LDS/controllers/default.py: 0
[2020-06-19 01:33:01] EDIT LDS/controllers/default.py: 0
[2020-06-19 01:33:13] EDIT LDS/controllers/default.py: 0
[2020-06-19 01:33:49] EDIT LDS/controllers/default.py: 1
[2020-06-19 01:35:07] EDIT LDS/modules/case.py: 0
[2020-06-19 01:37:03] EDIT LDS/controllers/default.py: 0
[2020-06-19 01:39:29] EDIT LDS/modules/case.py: 0
[2020-06-19 01:41:00] EDIT LDS/modules/case.py: 0
[2020-06-19 01:41:42] EDIT LDS/modules/case.py: 0
[2020-06-19 01:43:03] EDIT LDS/controllers/default.py: -1
[2020-06-19 01:49:34] EDIT LDS/modules/case.py: -18
[2020-06-19 01:57:57] EDIT LDS/controllers/default.py: 0
[2020-06-19 01:59:31] EDIT LDS/views/default/second.html: 4
[2020-06-19 01:59:45] EDIT LDS/controllers/default.py: 0
[2020-06-19 02:00:38] EDIT LDS/controllers/default.py: 1
[2020-06-19 02:02:34] EDIT LDS/views/default/second.html: 3
[2020-06-19 02:04:36] EDIT LDS/controllers/default.py: 1
[2020-06-19 02:04:59] EDIT LDS/modules/case.py: 1
[2020-06-19 02:11:23] EDIT LDS/modules/case.py: -1
[2020-06-19 02:14:34] EDIT LDS/controllers/default.py: 0
[2020-06-19 02:15:56] EDIT LDS/controllers/default.py: 0
[2020-06-19 02:17:39] EDIT LDS/controllers/default.py: 0
[2020-06-19 02:18:12] EDIT LDS/views/default/second.html: 0
[2020-06-19 02:18:13] EDIT LDS/controllers/default.py: -1
[2020-06-19 02:25:20] EDIT LDS/modules/elements.py: -1
[2020-06-19 02:25:21] EDIT LDS/modules/case.py: -1
[2020-06-19 02:25:57] EDIT LDS/controllers/default.py: 0
[2020-06-19 02:26:35] EDIT LDS/controllers/default.py: 0
[2020-06-21 17:57:17] EDIT LDS/views/default/second.html: 2
[2020-06-21 18:00:23] EDIT LDS/views/default/second.html: 10
[2020-06-21 18:00:51] EDIT LDS/views/default/second.html: 2
[2020-06-21 18:06:03] EDIT LDS/views/default/second.html: -1
[2020-06-21 18:08:40] EDIT LDS/views/default/second.html: 2
[2020-06-21 18:15:42] EDIT LDS/views/default/second.html: 0
[2020-06-21 18:23:51] EDIT LDS/views/default/second.html: 0
[2020-06-21 18:24:13] EDIT LDS/views/default/second.html: 0
[2020-06-21 18:24:22] EDIT LDS/views/default/second.html: 0
[2020-06-21 18:26:51] EDIT LDS/views/default/second.html: 1
[2020-06-21 18:30:27] EDIT LDS/views/layout.html: 1
[2020-06-21 18:41:47] EDIT LDS/views/default/second.html: 0
[2020-06-21 18:41:52] EDIT LDS/views/default/second.html: -1
[2020-06-21 18:42:17] EDIT LDS/views/default/second.html: 0
[2020-06-21 18:43:13] EDIT LDS/views/default/second.html: 0
[2020-06-21 18:53:12] EDIT LDS/views/default/second.html: 2
[2020-06-21 18:53:43] EDIT LDS/views/default/second.html: 0
[2020-06-21 18:54:21] EDIT LDS/views/default/second.html: 0
[2020-06-21 18:54:39] EDIT LDS/views/default/second.html: 0
[2020-06-21 18:54:51] EDIT LDS/views/default/second.html: 0
[2020-06-21 18:55:50] EDIT LDS/views/default/second.html: -2
[2020-06-21 18:56:28] EDIT LDS/views/default/second.html: 0
[2020-06-21 18:56:36] EDIT LDS/views/default/second.html: 0
[2020-06-23 18:14:15] DELETE LDS/views/default/request.html: -6
[2020-06-23 18:14:20] DELETE LDS/views/default/display.html: -7
[2020-06-28 13:57:00] EDIT LDS/views/default/second.html: 41
[2020-06-28 14:00:31] EDIT LDS/views/default/second.html: 0
[2020-06-28 14:01:21] EDIT LDS/views/default/second.html: -20
[2020-06-28 14:05:01] EDIT LDS/views/default/second.html: 0
[2020-06-28 14:05:18] EDIT LDS/views/default/second.html: 0
[2020-06-28 14:05:59] EDIT LDS/views/default/second.html: 0
[2020-06-28 14:06:30] EDIT LDS/views/default/second.html: 0
[2020-06-29 10:02:20] EDIT LDS/views/default/second.html: -1
[2020-06-29 10:04:35] EDIT LDS/views/default/second.html: 0
[2020-06-29 10:17:26] EDIT LDS/modules/case.py: 0
[2020-06-29 10:18:05] EDIT LDS/modules/case.py: 0
[2020-07-01 10:46:51] EDIT LDS/views/default/second.html: 19
[2020-07-01 10:49:20] EDIT LDS/views/default/second.html: 0
[2020-07-01 10:49:50] EDIT LDS/views/default/second.html: 0
[2020-07-01 10:51:10] EDIT LDS/views/default/second.html: 0
[2020-07-01 11:00:00] EDIT LDS/views/default/second.html: 0
[2020-07-01 11:01:11] EDIT LDS/views/default/second.html: 0
[2020-07-01 11:04:17] EDIT LDS/views/default/second.html: 0
[2020-07-01 18:28:44] EDIT LDS/controllers/default.py: 7
[2020-07-01 18:37:26] EDIT LDS/modules/case.py: 19
[2020-07-01 18:38:24] EDIT LDS/controllers/default.py: 7
[2020-07-01 18:42:19] EDIT LDS/views/default/second.html: 55
[2020-07-01 18:43:27] EDIT LDS/controllers/default.py: 0
[2020-07-01 18:43:44] EDIT LDS/modules/case.py: 0
[2020-07-01 18:43:44] EDIT LDS/modules/case.py: 0
[2020-07-01 18:43:44] EDIT LDS/modules/case.py: 0
[2020-07-01 18:43:45] EDIT LDS/modules/case.py: 0
[2020-07-01 18:43:45] EDIT LDS/modules/case.py: 0
[2020-07-01 18:43:45] EDIT LDS/modules/case.py: 0
[2020-07-01 18:43:45] EDIT LDS/modules/case.py: 0
[2020-07-01 18:43:46] EDIT LDS/modules/case.py: 0
[2020-07-01 18:43:46] EDIT LDS/modules/case.py: 0
[2020-07-01 18:43:48] EDIT LDS/modules/case.py: 0
[2020-07-01 18:43:48] EDIT LDS/modules/case.py: 0
[2020-07-01 18:43:48] EDIT LDS/modules/case.py: 0
[2020-07-01 18:43:48] EDIT LDS/modules/case.py: 0
[2020-07-01 18:43:49] EDIT LDS/modules/case.py: 0
[2020-07-01 18:43:49] EDIT LDS/modules/case.py: 0
[2020-07-01 18:43:49] EDIT LDS/modules/case.py: 0
[2020-07-01 18:44:54] EDIT LDS/modules/case.py: 0
[2020-07-01 18:49:41] EDIT LDS/controllers/default.py: 0
[2020-07-01 18:52:13] EDIT LDS/controllers/default.py: 0
[2020-07-01 18:52:37] EDIT LDS/controllers/default.py: 0
[2020-07-01 18:52:48] EDIT LDS/modules/case.py: 0
[2020-07-01 18:53:47] EDIT LDS/modules/case.py: 1
[2020-07-01 18:56:07] EDIT LDS/modules/case.py: 0
[2020-07-01 18:56:29] EDIT LDS/modules/case.py: 0
[2020-07-01 18:56:30] EDIT LDS/modules/case.py: 0
[2020-07-01 18:56:50] EDIT LDS/modules/case.py: 0
[2020-07-01 18:56:50] EDIT LDS/modules/case.py: 0
[2020-07-01 18:57:09] EDIT LDS/modules/case.py: 0
[2020-07-01 18:57:15] EDIT LDS/modules/case.py: 0
[2020-07-01 18:57:16] EDIT LDS/modules/case.py: 0
[2020-07-01 18:57:16] EDIT LDS/modules/case.py: 0
[2020-07-01 18:57:20] EDIT LDS/modules/case.py: 0
[2020-07-01 18:57:29] EDIT LDS/modules/case.py: 0
[2020-07-01 18:58:48] EDIT LDS/modules/case.py: 7
[2020-07-01 18:59:01] EDIT LDS/modules/case.py: -1
[2020-07-01 18:59:19] EDIT LDS/modules/case.py: -2
[2020-07-01 18:59:26] EDIT LDS/modules/case.py: -1
[2020-07-01 19:02:36] EDIT LDS/modules/case.py: 0
[2020-07-01 19:02:39] EDIT LDS/modules/case.py: 0
[2020-07-01 19:03:30] EDIT LDS/modules/case.py: 0
[2020-07-01 19:03:49] EDIT LDS/modules/case.py: 0
[2020-07-01 19:03:50] EDIT LDS/modules/case.py: 0
[2020-07-01 19:04:02] EDIT LDS/modules/case.py: -1
[2020-07-01 19:04:34] EDIT LDS/modules/case.py: 1
[2020-07-01 19:04:35] EDIT LDS/modules/case.py: 0
[2020-07-01 19:04:36] EDIT LDS/modules/case.py: 0
[2020-07-01 19:08:48] EDIT LDS/modules/case.py: 0
[2020-07-01 19:10:04] EDIT LDS/modules/case.py: -3
[2020-07-01 19:10:09] EDIT LDS/modules/case.py: 0
[2020-07-01 19:10:41] EDIT LDS/modules/case.py: 0
[2020-07-01 19:10:57] EDIT LDS/modules/case.py: -1
[2020-07-01 19:11:51] EDIT LDS/modules/case.py: 1
[2020-07-01 19:14:14] EDIT LDS/modules/case.py: 0
[2020-07-01 19:15:09] EDIT LDS/modules/case.py: 1
[2020-07-01 19:16:05] EDIT LDS/modules/case.py: -2
[2020-07-01 19:17:22] EDIT LDS/modules/case.py: 4
[2020-07-01 19:17:51] EDIT LDS/modules/case.py: 0
[2020-07-01 19:18:25] EDIT LDS/modules/case.py: 0
[2020-07-01 19:19:17] EDIT LDS/modules/case.py: 0
[2020-07-01 19:19:51] EDIT LDS/modules/case.py: 0
[2020-07-01 19:20:31] EDIT LDS/views/default/second.html: 0
[2020-07-01 19:20:48] EDIT LDS/views/default/second.html: -3
[2020-07-01 19:23:26] EDIT LDS/modules/case.py: 0
[2020-07-01 19:24:31] EDIT LDS/views/default/second.html: 1
[2020-07-01 19:25:08] EDIT LDS/views/default/second.html: 0
[2020-07-01 19:25:34] EDIT LDS/views/default/second.html: 0
[2020-07-01 19:25:41] EDIT LDS/views/default/second.html: 0
[2020-07-01 19:26:06] EDIT LDS/views/default/second.html: 0
[2020-07-01 19:26:25] EDIT LDS/views/default/second.html: 0
[2020-07-01 19:26:36] EDIT LDS/views/default/second.html: 0
[2020-07-01 19:27:36] EDIT LDS/views/default/second.html: 0
[2020-07-01 19:29:41] EDIT LDS/views/default/second.html: 68
[2020-07-05 13:50:33] EDIT LDS/controllers/default.py: 1
[2020-07-05 13:50:45] EDIT LDS/controllers/default.py: 0
[2020-07-05 13:51:47] EDIT LDS/views/default/second.html: 0
[2020-07-05 13:54:10] EDIT LDS/views/default/second.html: 0
[2020-07-05 13:56:02] EDIT LDS/views/default/second.html: 0
[2020-07-05 14:06:36] EDIT LDS/modules/case.py: 81
[2020-07-05 14:08:38] EDIT LDS/controllers/default.py: 12
[2020-07-05 14:18:53] EDIT LDS/modules/case.py: 45
[2020-07-05 14:23:32] EDIT LDS/controllers/default.py: 4
[2020-07-05 14:23:35] EDIT LDS/modules/case.py: 6
[2020-07-05 14:23:36] EDIT LDS/views/default/first.html: 0
[2020-07-05 14:23:38] EDIT LDS/views/default/second.html: 0
[2020-07-05 14:25:30] EDIT LDS/modules/case.py: 0
[2020-07-05 14:26:26] EDIT LDS/controllers/default.py: 0
[2020-07-05 14:27:14] EDIT LDS/modules/case.py: 0
[2020-07-05 14:28:49] EDIT LDS/modules/case.py: 0
[2020-07-06 10:09:38] EDIT LDS/modules/case.py: 0
[2020-07-06 10:21:56] EDIT LDS/modules/case.py: 3
[2020-07-06 10:22:33] EDIT LDS/modules/case.py: 0
[2020-07-06 10:28:56] EDIT LDS/views/default/second.html: 0
[2020-07-06 10:37:59] EDIT LDS/views/default/second.html: 0
[2020-07-06 10:42:21] EDIT LDS/views/default/second.html: 0
[2020-07-06 10:46:56] EDIT LDS/views/default/second.html: 17
[2020-07-06 10:47:22] EDIT LDS/views/default/second.html: 0
[2020-07-06 10:50:51] EDIT LDS/modules/case.py: 0
[2020-07-06 10:55:10] EDIT LDS/views/default/second.html: 0
[2020-07-06 11:03:39] EDIT LDS/views/default/second.html: 1
[2020-07-06 11:03:43] EDIT LDS/views/default/second.html: 0
[2020-07-06 11:04:19] EDIT LDS/views/default/second.html: 0
[2020-07-07 17:07:39] EDIT LDS/modules/case.py: 5
[2020-07-07 17:24:54] EDIT LDS/views/default/second.html: -1
[2020-07-07 17:24:55] EDIT LDS/views/default/second.html: 0
[2020-07-07 17:24:55] EDIT LDS/views/default/second.html: 0
[2020-07-07 17:26:03] EDIT LDS/views/default/second.html: 0
[2020-07-07 17:27:22] EDIT LDS/views/default/second.html: 0
[2020-07-07 17:30:42] EDIT LDS/views/default/second.html: -2
[2020-07-07 17:33:18] EDIT LDS/views/default/second.html: 0
[2020-07-07 17:33:58] EDIT LDS/views/default/second.html: -1
[2020-07-07 18:00:48] EDIT LDS/views/default/second.html: 4
[2020-07-07 18:01:15] EDIT LDS/views/default/second.html: 0
[2020-07-07 23:10:51] EDIT LDS/views/default/second.html: -3
[2020-07-07 23:10:52] EDIT LDS/views/default/second.html: 0
[2020-07-07 23:11:04] EDIT LDS/views/default/second.html: 0
[2020-07-07 23:11:05] EDIT LDS/views/default/second.html: 0
[2020-07-07 23:11:59] EDIT LDS/views/default/second.html: 0
[2020-07-07 23:14:35] EDIT LDS/views/default/second.html: 0
[2020-07-07 23:16:15] EDIT LDS/views/default/second.html: 0
[2020-07-07 23:16:58] EDIT LDS/views/default/second.html: 0
[2020-07-07 23:41:18] EDIT LDS/views/default/second.html: 0
[2020-07-07 23:41:40] EDIT LDS/views/default/second.html: 0
[2020-07-07 23:45:18] EDIT LDS/views/default/second.html: 0
[2020-07-07 23:49:09] EDIT LDS/views/default/second.html: 0
[2020-07-07 23:52:28] EDIT LDS/views/default/second.html: 0
[2020-07-07 23:56:33] EDIT LDS/views/default/second.html: 0
[2020-07-07 23:59:02] EDIT LDS/views/default/second.html: 0
[2020-07-07 23:59:02] EDIT LDS/views/default/second.html: 0
[2020-07-07 23:59:02] EDIT LDS/views/default/second.html: 0
[2020-07-07 23:59:03] EDIT LDS/views/default/second.html: 0
[2020-07-07 23:59:03] EDIT LDS/views/default/second.html: 0
[2020-07-07 23:59:37] EDIT LDS/views/default/second.html: 0
[2020-07-07 23:59:37] EDIT LDS/views/default/second.html: 0
[2020-07-07 23:59:38] EDIT LDS/views/default/second.html: 0
[2020-07-07 23:59:38] EDIT LDS/views/default/second.html: 0
[2020-07-07 23:59:38] EDIT LDS/views/default/second.html: 0
[2020-07-08 00:00:51] EDIT LDS/views/default/second.html: 0
[2020-07-08 13:21:48] EDIT LDS/views/default/second.html: 0
[2020-07-08 13:21:48] EDIT LDS/views/default/second.html: 0
[2020-07-08 13:21:48] EDIT LDS/views/default/second.html: 0
[2020-07-08 13:22:28] EDIT LDS/views/default/second.html: 0
[2020-07-08 13:23:02] EDIT LDS/views/default/second.html: 0
[2020-07-08 13:23:11] EDIT LDS/views/default/second.html: 0
[2020-07-08 13:24:52] EDIT LDS/views/default/second.html: 0
[2020-07-08 13:26:24] EDIT LDS/views/default/second.html: 0
[2020-07-08 13:29:39] EDIT LDS/views/default/second.html: 0
[2020-07-08 13:29:39] EDIT LDS/views/default/second.html: 0
[2020-07-08 13:29:40] EDIT LDS/views/default/second.html: 0
[2020-07-08 13:29:40] EDIT LDS/views/default/second.html: 0
[2020-07-08 13:29:40] EDIT LDS/views/default/second.html: 0
[2020-07-08 13:29:40] EDIT LDS/views/default/second.html: 0
[2020-07-08 13:42:54] EDIT LDS/views/default/second.html: -120
[2020-07-08 13:43:12] EDIT LDS/views/default/second.html: 0
[2020-07-08 13:46:50] EDIT LDS/views/default/second.html: 1
[2020-07-08 19:08:22] EDIT LDS/views/default/second.html: 0
[2020-07-08 19:09:04] EDIT LDS/views/default/second.html: 0
[2020-07-08 19:09:25] EDIT LDS/views/default/second.html: 0
[2020-07-08 19:09:59] EDIT LDS/views/default/second.html: 0
[2020-07-08 19:10:17] EDIT LDS/views/default/second.html: 0
[2020-07-08 19:10:50] EDIT LDS/views/default/second.html: -1
[2020-07-08 19:11:18] EDIT LDS/views/default/second.html: 0
[2020-07-08 19:11:52] EDIT LDS/views/default/second.html: -1
[2020-07-08 19:12:20] EDIT LDS/views/default/second.html: 0
[2020-07-08 19:12:42] EDIT LDS/views/default/second.html: 1
[2020-07-08 19:13:06] EDIT LDS/views/default/second.html: 0
[2020-07-08 19:14:25] EDIT LDS/views/default/second.html: 0
[2020-07-08 19:14:36] EDIT LDS/views/default/second.html: 0
[2020-07-08 19:21:06] EDIT LDS/views/default/second.html: 1
[2020-07-08 19:22:14] EDIT LDS/views/default/second.html: -2
[2020-07-09 15:08:17] CREATE O2.html: 0
[2020-07-09 15:08:24] CREATE N2.html: 0
[2020-07-09 15:08:27] CREATE H2O.html: 0
[2020-07-09 15:08:50] CREATE NH3.py: 0
[2020-07-09 15:08:53] CREATE CH4.py: 0
[2020-07-09 15:08:56] CREATE SF2.py: 0
[2020-07-09 15:08:59] CREATE SF4.py: 0
[2020-07-09 15:09:01] CREATE CO2.py: 0
[2020-07-09 15:09:05] CREATE NO3-.py: 0
[2020-07-09 15:09:12] CREATE SO42-.py: 0
[2020-07-09 15:09:21] CREATE SO42-.html: 0
[2020-07-09 15:09:25] CREATE NO3-.html: 0
[2020-07-09 15:09:28] CREATE CO2.html: 0
[2020-07-09 15:09:31] CREATE SF4.html: 0
[2020-07-09 15:09:33] CREATE SF2.html: 0
[2020-07-09 15:09:35] CREATE CH4.html: 0
[2020-07-09 15:09:58] DELETE LDS/models/CH4.py: 0
[2020-07-09 15:10:00] DELETE LDS/models/CO2.py: 0
[2020-07-09 15:10:02] DELETE LDS/models/NH3.py: 0
[2020-07-09 15:10:04] DELETE LDS/models/NO3-.py: 0
[2020-07-09 15:10:06] DELETE LDS/models/SF2.py: 0
[2020-07-09 15:10:08] DELETE LDS/models/SF4.py: 0
[2020-07-09 15:10:11] DELETE LDS/models/SO42-.py: 0
[2020-07-09 15:11:02] CREATE NH3.html: 0
[2020-07-09 15:14:49] EDIT LDS/controllers/default.py: 22
[2020-07-09 15:15:36] EDIT LDS/controllers/default.py: -1
[2020-07-09 15:18:29] EDIT LDS/views/O2.html: 84
[2020-07-09 15:18:30] EDIT LDS/views/N2.html: 84
[2020-07-09 15:18:30] EDIT LDS/views/H2O.html: 84
[2020-07-09 15:18:32] EDIT LDS/views/NH3.html: 84
[2020-07-09 15:18:32] EDIT LDS/views/CH4.html: 84
[2020-07-09 15:18:34] EDIT LDS/views/SF2.html: 84
[2020-07-09 15:18:36] EDIT LDS/views/SF4.html: 84
[2020-07-09 15:18:37] EDIT LDS/views/CO2.html: 84
[2020-07-09 15:18:39] EDIT LDS/views/NO3-.html: 84
[2020-07-09 15:18:41] EDIT LDS/views/SO42-.html: 84
[2020-07-09 15:28:50] EDIT LDS/controllers/default.py: 20
[2020-07-09 15:29:05] EDIT LDS/controllers/default.py: 0
[2020-07-09 15:31:00] EDIT LDS/views/default/O2.html: 0
[2020-07-09 15:31:33] EDIT LDS/views/default/O2.html: 1
[2020-07-09 15:32:10] EDIT LDS/views/default/N2.html: 1
[2020-07-09 15:32:15] EDIT LDS/views/default/N2.html: 0
[2020-07-09 15:35:39] EDIT LDS/modules/case.py: 7
[2020-07-09 15:38:10] EDIT LDS/modules/case.py: 5
[2020-07-09 15:40:33] EDIT LDS/modules/case.py: 0
[2020-07-09 15:41:31] EDIT LDS/modules/case.py: 0
[2020-07-09 15:42:31] EDIT LDS/modules/case.py: 0
[2020-07-09 15:44:37] EDIT LDS/views/default/NH3.html: 0
[2020-07-09 15:46:49] EDIT LDS/views/default/NO3.html: 0
[2020-07-09 15:47:09] EDIT LDS/views/default/SF2.html: 1
[2020-07-09 15:47:18] EDIT LDS/views/default/SF4.html: 1
[2020-07-10 10:14:55] EDIT LDS/views/default/N2.html: 0
[2020-07-10 10:15:59] EDIT LDS/views/default/N2.html: 0
[2020-07-10 10:16:21] EDIT LDS/views/default/H2O.html: 1
[2020-07-10 10:20:56] EDIT LDS/views/default/H2O.html: 3
[2020-07-10 10:21:35] EDIT LDS/views/default/H2O.html: 0
[2020-07-10 10:44:22] EDIT LDS/views/default/H2O.html: 0
[2020-07-11 17:26:51] EDIT LDS/modules/case.py: 23
[2020-07-11 17:27:28] EDIT LDS/controllers/default.py: 1
[2020-07-11 17:28:13] EDIT LDS/views/default/second.html: 1
[2020-07-11 17:30:17] EDIT LDS/controllers/default.py: 0
[2020-07-11 17:35:37] EDIT LDS/modules/case.py: 0
[2020-07-11 17:36:00] EDIT LDS/controllers/default.py: 0
[2020-07-11 17:42:17] EDIT LDS/modules/case.py: 0
[2020-07-11 17:43:46] EDIT LDS/modules/case.py: 0
[2020-07-11 17:45:13] EDIT LDS/modules/case.py: 0
[2020-07-11 17:45:28] EDIT LDS/controllers/default.py: 0
[2020-07-11 17:45:31] EDIT LDS/modules/case.py: 0
[2020-07-11 17:47:23] EDIT LDS/views/default/second.html: -1
[2020-07-11 17:49:50] EDIT LDS/modules/case.py: 16
[2020-07-11 17:50:59] EDIT LDS/modules/case.py: -11
[2020-07-11 17:52:29] EDIT LDS/modules/case.py: 0
[2020-07-11 17:52:38] EDIT LDS/controllers/default.py: 0
[2020-07-11 17:53:36] EDIT LDS/modules/case.py: 0
[2020-07-11 17:55:04] EDIT LDS/modules/case.py: 0
[2020-07-11 17:58:19] EDIT LDS/modules/case.py: 0
[2020-07-11 18:10:20] EDIT LDS/views/default/second.html: 19
[2020-07-11 18:10:56] EDIT LDS/controllers/default.py: -21
[2020-07-11 18:16:35] EDIT LDS/views/default/second.html: 4
[2020-07-11 18:17:43] EDIT LDS/views/default/second.html: 0
[2020-07-11 18:19:23] EDIT LDS/views/default/second.html: 1
[2020-07-11 18:19:50] EDIT LDS/views/default/second.html: 1
[2020-07-11 18:20:44] EDIT LDS/views/default/second.html: 0
[2020-07-11 18:22:13] EDIT LDS/modules/case.py: 0
[2020-07-11 18:23:21] EDIT LDS/modules/case.py: 0
[2020-07-11 18:24:16] EDIT LDS/modules/case.py: 0
[2020-07-11 18:24:57] EDIT LDS/modules/case.py: 0
[2020-07-11 18:27:26] EDIT LDS/modules/case.py: 0
[2020-07-11 18:34:46] EDIT LDS/modules/case.py: 11
[2020-07-11 18:38:27] EDIT LDS/modules/case.py: 0
[2020-07-11 19:15:18] EDIT LDS/modules/case.py: 1
[2020-07-11 19:17:52] EDIT LDS/modules/case.py: 2
[2020-07-11 19:19:26] EDIT LDS/modules/case.py: 0
[2020-07-11 19:19:36] EDIT LDS/modules/case.py: 0
[2020-07-12 13:41:12] EDIT LDS/modules/case.py: 2
[2020-07-12 13:41:43] EDIT LDS/modules/case.py: 0
[2020-07-12 13:45:18] EDIT LDS/modules/case.py: 16
[2020-07-12 13:45:26] EDIT LDS/modules/case.py: 0
[2020-07-12 13:47:31] EDIT LDS/views/default/second.html: 0
[2020-07-12 13:48:38] EDIT LDS/views/default/second.html: 0
[2020-07-12 13:49:02] EDIT LDS/views/default/second.html: 0
[2020-07-12 13:49:39] EDIT LDS/views/default/second.html: 0
[2020-07-12 13:49:48] EDIT LDS/views/default/second.html: 0
[2020-07-12 13:52:22] EDIT LDS/views/default/second.html: 0
[2020-07-12 13:52:54] EDIT LDS/views/default/second.html: 0
[2020-07-12 13:54:11] EDIT LDS/views/default/second.html: 0
[2020-07-12 13:55:13] EDIT LDS/views/default/second.html: 0
[2020-07-12 13:55:30] EDIT LDS/views/default/second.html: 0
[2020-07-12 13:55:43] EDIT LDS/views/default/second.html: 0
[2020-07-12 13:56:07] EDIT LDS/views/default/second.html: 0
[2020-07-12 13:56:58] EDIT LDS/views/default/second.html: 0
[2020-07-12 13:57:20] EDIT LDS/views/default/second.html: 0
[2020-07-12 13:58:10] EDIT LDS/views/default/second.html: 0
[2020-07-12 13:58:52] EDIT LDS/views/default/second.html: 0
[2020-07-12 13:59:03] EDIT LDS/views/default/second.html: 0
[2020-07-12 13:59:30] EDIT LDS/views/default/second.html: 0
[2020-07-12 14:00:51] EDIT LDS/views/default/second.html: 0
[2020-07-13 17:23:21] EDIT LDS/views/default/second.html: 0
[2020-07-13 17:25:34] EDIT LDS/views/default/second.html: 0
[2020-07-13 17:46:37] EDIT LDS/views/default/second.html: 1
[2020-07-15 12:50:01] EDIT LDS/views/default/second.html: 0
[2020-07-16 12:47:28] EDIT LDS/controllers/default.py: -20
[2020-07-16 13:07:06] EDIT LDS/modules/case.py: 25
[2020-07-16 13:08:32] EDIT LDS/controllers/default.py: -1
[2020-07-16 13:08:54] EDIT LDS/views/default/second.html: 0
[2020-07-16 13:09:39] EDIT LDS/controllers/default.py: 0
[2020-07-16 13:11:55] EDIT LDS/modules/case.py: 0
[2020-07-16 13:13:17] EDIT LDS/modules/case.py: 0
[2020-07-16 13:20:27] EDIT LDS/modules/case.py: 4
[2020-07-16 13:21:25] EDIT LDS/modules/case.py: 0
[2020-07-16 13:23:01] EDIT LDS/modules/case.py: 0
[2020-07-16 13:23:03] EDIT LDS/modules/case.py: 0
[2020-07-16 13:25:30] EDIT LDS/modules/case.py: 0
[2020-07-16 13:26:08] EDIT LDS/views/default/second.html: -2
[2020-07-16 13:26:21] EDIT LDS/views/default/second.html: -2
[2020-07-16 13:27:27] EDIT LDS/modules/case.py: 0
[2020-07-16 13:30:20] EDIT LDS/views/default/second.html: 0
[2020-07-16 13:31:51] EDIT LDS/modules/case.py: 2
[2020-07-16 13:33:52] EDIT LDS/views/default/second.html: 2
[2020-07-16 13:35:08] EDIT LDS/modules/case.py: 0
[2020-07-16 13:37:15] EDIT LDS/modules/case.py: 4
[2020-07-16 13:39:23] EDIT LDS/modules/case.py: 2
[2020-07-16 13:40:04] EDIT LDS/modules/case.py: 0
[2020-07-16 13:40:54] EDIT LDS/modules/case.py: 0
[2020-07-16 15:11:29] EDIT LDS/modules/case.py: 6
[2020-07-16 15:15:57] EDIT LDS/modules/case.py: 51
[2020-07-16 15:16:47] EDIT LDS/controllers/default.py: 5
[2020-07-16 15:16:56] EDIT LDS/views/default/second.html: 0
[2020-07-16 15:17:11] EDIT LDS/views/default/second.html: 4
[2020-07-16 15:18:26] EDIT LDS/views/default/second.html: 0
[2020-07-16 15:18:28] EDIT LDS/controllers/default.py: 0
[2020-07-16 15:20:34] EDIT LDS/modules/case.py: 3
[2020-07-16 15:21:05] EDIT LDS/modules/case.py: 0
[2020-07-16 15:22:34] EDIT LDS/modules/case.py: 0
[2020-07-16 15:27:36] EDIT LDS/views/default/second.html: 0
[2020-07-16 15:28:07] EDIT LDS/views/default/second.html: 0
[2020-07-16 15:48:18] EDIT LDS/modules/case.py: 0
[2020-07-17 10:03:39] EDIT LDS/controllers/default.py: 0
[2020-07-17 10:14:49] EDIT LDS/views/default/second.html: 0
[2020-07-17 10:15:56] EDIT LDS/views/default/second.html: 0
[2020-07-17 10:16:40] EDIT LDS/views/default/second.html: 0
[2020-07-17 10:19:28] EDIT LDS/views/default/second.html: 0
[2020-07-17 10:19:52] EDIT LDS/views/default/second.html: 0
[2020-07-17 10:26:14] EDIT LDS/modules/case.py: 0
